<?xml version="1.0" encoding="UTF-8"?>
<!-- Generated by org.testng.reporters.JUnitXMLReporter -->
<testsuite ignored="0" hostname="LAPTOP-86UL8ARL" failures="0" tests="4" name="Test" time="61.444" errors="0" timestamp="2024-11-20T23:12:17 IST">
  <testcase classname="com.testng.DataProviderTest" name="login" time="23.813"/>
  <testcase classname="com.testng.DataProviderTest" name="login" time="13.334"/>
  <testcase classname="com.testng.DataProviderTest" name="login" time="11.395"/>
  <testcase classname="com.testng.DataProviderTest" name="login" time="12.692"/>
</testsuite> <!-- Test -->
