<?xml version="1.0" encoding="UTF-8"?>
<!-- Generated by org.testng.reporters.JUnitXMLReporter -->
<testsuite ignored="0" hostname="LAPTOP-KIOIC8K9" failures="0" tests="3" name="Default test" time="17.597" errors="0" timestamp="2024-11-18T13:23:05 IST">
  <testcase classname="com.testng.CrossBrowserTesting" name="edgeBrowser" time="6.847"/>
  <testcase classname="com.testng.CrossBrowserTesting" name="chromeBrowser" time="3.052"/>
  <testcase classname="com.testng.CrossBrowserTesting" name="firefoxBrowse" time="7.659"/>
</testsuite> <!-- Default test -->
