<?xml version="1.0" encoding="UTF-8"?>
<!-- Generated by org.testng.reporters.JUnitXMLReporter -->
<testsuite ignored="0" hostname="LAPTOP-KIOIC8K9" failures="0" tests="6" name="Test" time="15.095" errors="0" timestamp="2024-11-18T13:19:26 IST">
  <testcase classname="com.testng.SimpleAnnotations" name="men" time="0.006"/>
  <testcase classname="com.testng.SimpleAnnotations" name="kids" time="0.008"/>
  <testcase classname="com.testng.SimpleAnnotations" name="women" time="0.002"/>
  <testcase classname="com.testng.CrossBrowserTesting" name="chromeBrowser" time="7.201"/>
  <testcase classname="com.testng.CrossBrowserTesting" name="edgeBrowser" time="7.941"/>
  <testcase classname="com.testng.CrossBrowserTesting" name="firefoxBrowse" time="15.056"/>
</testsuite> <!-- Test -->
