<?xml version="1.0" encoding="UTF-8"?>
<testng-results ignored="0" total="3" passed="3" failed="0" skipped="0">
  <reporter-output>
  </reporter-output>
  <suite started-at="2024-11-18T13:22:48 IST" name="Default suite" finished-at="2024-11-18T13:23:05 IST" duration-ms="17597">
    <groups>
    </groups>
    <test started-at="2024-11-18T13:22:48 IST" name="Default test" finished-at="2024-11-18T13:23:05 IST" duration-ms="17597">
      <class name="com.testng.CrossBrowserTesting">
        <test-method signature="edgeBrowser()[pri:-5, instance:com.testng.CrossBrowserTesting@478190fc]" started-at="2024-11-18T13:22:48 IST" name="edgeBrowser" finished-at="2024-11-18T13:22:55 IST" duration-ms="6847" status="PASS">
          <reporter-output>
          </reporter-output>
        </test-method> <!-- edgeBrowser -->
        <test-method signature="chromeBrowser()[pri:2, instance:com.testng.CrossBrowserTesting@478190fc]" started-at="2024-11-18T13:22:55 IST" name="chromeBrowser" finished-at="2024-11-18T13:22:58 IST" duration-ms="3052" status="PASS">
          <reporter-output>
          </reporter-output>
        </test-method> <!-- chromeBrowser -->
        <test-method signature="firefoxBrowse()[pri:5, instance:com.testng.CrossBrowserTesting@478190fc]" started-at="2024-11-18T13:22:58 IST" name="firefoxBrowse" finished-at="2024-11-18T13:23:05 IST" duration-ms="7659" status="PASS">
          <reporter-output>
          </reporter-output>
        </test-method> <!-- firefoxBrowse -->
      </class> <!-- com.testng.CrossBrowserTesting -->
    </test> <!-- Default test -->
  </suite> <!-- Default suite -->
</testng-results>
