<?xml version="1.0" encoding="UTF-8"?>
<testng-results ignored="0" total="1" passed="1" failed="0" skipped="0">
  <reporter-output>
  </reporter-output>
  <suite started-at="2024-11-21T17:12:18 IST" name="Default suite" finished-at="2024-11-21T17:12:52 IST" duration-ms="33927">
    <groups>
    </groups>
    <test started-at="2024-11-21T17:12:18 IST" name="Default test" finished-at="2024-11-21T17:12:52 IST" duration-ms="33927">
      <class name="com.runner.OpenMrsRunner">
        <test-method is-config="true" signature="extendReportStartUp()[pri:0, instance:com.runner.OpenMrsRunner@1c5920df]" started-at="2024-11-21T17:12:17 IST" name="extendReportStartUp" finished-at="2024-11-21T17:12:18 IST" duration-ms="832" status="PASS">
          <reporter-output>
          </reporter-output>
        </test-method> <!-- extendReportStartUp -->
        <test-method is-config="true" signature="setUp()[pri:0, instance:com.runner.OpenMrsRunner@1c5920df]" started-at="2024-11-21T17:12:18 IST" name="setUp" finished-at="2024-11-21T17:12:33 IST" duration-ms="15091" status="PASS">
          <reporter-output>
          </reporter-output>
        </test-method> <!-- setUp -->
        <test-method signature="validLogin()[pri:0, instance:com.runner.OpenMrsRunner@1c5920df]" started-at="2024-11-21T17:12:33 IST" name="validLogin" finished-at="2024-11-21T17:12:48 IST" duration-ms="14398" status="PASS">
          <reporter-output>
          </reporter-output>
        </test-method> <!-- validLogin -->
        <test-method is-config="true" signature="termination()[pri:0, instance:com.runner.OpenMrsRunner@1c5920df]" started-at="2024-11-21T17:12:48 IST" name="termination" finished-at="2024-11-21T17:12:52 IST" duration-ms="3763" status="PASS">
          <reporter-output>
          </reporter-output>
        </test-method> <!-- termination -->
        <test-method is-config="true" signature="extentReportEnd()[pri:0, instance:com.runner.OpenMrsRunner@1c5920df]" started-at="2024-11-21T17:12:53 IST" name="extentReportEnd" finished-at="2024-11-21T17:12:55 IST" duration-ms="2432" status="PASS">
          <reporter-output>
          </reporter-output>
        </test-method> <!-- extentReportEnd -->
      </class> <!-- com.runner.OpenMrsRunner -->
    </test> <!-- Default test -->
  </suite> <!-- Default suite -->
</testng-results>
